D:\PROGRAMOWANIE OBIEKTOWE AREK P\LEKCJA10\LEKCJA10\DEBUG\VC110.PDB
D:\PROGRAMOWANIE OBIEKTOWE AREK P\LEKCJA10\DEBUG\LEKCJA10.ILK
D:\PROGRAMOWANIE OBIEKTOWE AREK P\LEKCJA10\DEBUG\LEKCJA10.EXE
D:\PROGRAMOWANIE OBIEKTOWE AREK P\LEKCJA10\DEBUG\LEKCJA10.PDB
D:\Programowanie obiektowe Arek P\lekcja10\lekcja10\Debug\cl.command.1.tlog
D:\Programowanie obiektowe Arek P\lekcja10\lekcja10\Debug\CL.read.1.tlog
D:\Programowanie obiektowe Arek P\lekcja10\lekcja10\Debug\CL.write.1.tlog
D:\Programowanie obiektowe Arek P\lekcja10\lekcja10\Debug\link-cvtres.read.1.tlog
D:\Programowanie obiektowe Arek P\lekcja10\lekcja10\Debug\link-cvtres.write.1.tlog
D:\Programowanie obiektowe Arek P\lekcja10\lekcja10\Debug\link-rc.read.1.tlog
D:\Programowanie obiektowe Arek P\lekcja10\lekcja10\Debug\link-rc.write.1.tlog
D:\Programowanie obiektowe Arek P\lekcja10\lekcja10\Debug\link.3968-cvtres.read.1.tlog
D:\Programowanie obiektowe Arek P\lekcja10\lekcja10\Debug\link.3968-cvtres.write.1.tlog
D:\Programowanie obiektowe Arek P\lekcja10\lekcja10\Debug\link.3968-rc.read.1.tlog
D:\Programowanie obiektowe Arek P\lekcja10\lekcja10\Debug\link.3968-rc.write.1.tlog
D:\Programowanie obiektowe Arek P\lekcja10\lekcja10\Debug\link.3968.read.1.tlog
D:\Programowanie obiektowe Arek P\lekcja10\lekcja10\Debug\link.3968.write.1.tlog
D:\Programowanie obiektowe Arek P\lekcja10\lekcja10\Debug\link.5352-cvtres.read.1.tlog
D:\Programowanie obiektowe Arek P\lekcja10\lekcja10\Debug\link.5352-cvtres.write.1.tlog
D:\Programowanie obiektowe Arek P\lekcja10\lekcja10\Debug\link.5352-rc.read.1.tlog
D:\Programowanie obiektowe Arek P\lekcja10\lekcja10\Debug\link.5352-rc.write.1.tlog
D:\Programowanie obiektowe Arek P\lekcja10\lekcja10\Debug\link.5352.read.1.tlog
D:\Programowanie obiektowe Arek P\lekcja10\lekcja10\Debug\link.5352.write.1.tlog
D:\Programowanie obiektowe Arek P\lekcja10\lekcja10\Debug\link.5740-cvtres.read.1.tlog
D:\Programowanie obiektowe Arek P\lekcja10\lekcja10\Debug\link.5740-cvtres.write.1.tlog
D:\Programowanie obiektowe Arek P\lekcja10\lekcja10\Debug\link.5740-rc.read.1.tlog
D:\Programowanie obiektowe Arek P\lekcja10\lekcja10\Debug\link.5740-rc.write.1.tlog
D:\Programowanie obiektowe Arek P\lekcja10\lekcja10\Debug\link.5740.read.1.tlog
D:\Programowanie obiektowe Arek P\lekcja10\lekcja10\Debug\link.5740.write.1.tlog
D:\Programowanie obiektowe Arek P\lekcja10\lekcja10\Debug\link.5748.read.1.tlog
D:\Programowanie obiektowe Arek P\lekcja10\lekcja10\Debug\link.5748.write.1.tlog
D:\Programowanie obiektowe Arek P\lekcja10\lekcja10\Debug\link.command.1.tlog
D:\Programowanie obiektowe Arek P\lekcja10\lekcja10\Debug\link.read.1.tlog
D:\Programowanie obiektowe Arek P\lekcja10\lekcja10\Debug\link.write.1.tlog
D:\Programowanie obiektowe Arek P\lekcja10\lekcja10\Debug\vc110.idb
D:\Programowanie obiektowe Arek P\lekcja10\lekcja10\Debug\vc110.pdb
D:\Programowanie obiektowe Arek P\lekcja10\Debug\lekcja10.pdb
D:\Programowanie obiektowe Arek P\lekcja10\Debug\lekcja10.exe
D:\Programowanie obiektowe Arek P\lekcja10\Debug\lekcja10.ilk
