D:\PROGRAMOWANIE OBIEKTOWE AREK P\LEKCJA 4\LEKCJA 4\DEBUG\MAIN.OBJ
D:\PROGRAMOWANIE OBIEKTOWE AREK P\LEKCJA 4\LEKCJA 4\DEBUG\VC110.PDB
D:\PROGRAMOWANIE OBIEKTOWE AREK P\LEKCJA 4\DEBUG\LEKCJA 4.ILK
D:\PROGRAMOWANIE OBIEKTOWE AREK P\LEKCJA 4\DEBUG\LEKCJA 4.EXE
D:\PROGRAMOWANIE OBIEKTOWE AREK P\LEKCJA 4\DEBUG\LEKCJA 4.PDB
D:\Programowanie obiektowe Arek P\lekcja 4\lekcja 4\Debug\main.obj
D:\Programowanie obiektowe Arek P\lekcja 4\lekcja 4\Debug\cl.command.1.tlog
D:\Programowanie obiektowe Arek P\lekcja 4\lekcja 4\Debug\CL.read.1.tlog
D:\Programowanie obiektowe Arek P\lekcja 4\lekcja 4\Debug\CL.write.1.tlog
D:\Programowanie obiektowe Arek P\lekcja 4\lekcja 4\Debug\link-cvtres.read.1.tlog
D:\Programowanie obiektowe Arek P\lekcja 4\lekcja 4\Debug\link-cvtres.write.1.tlog
D:\Programowanie obiektowe Arek P\lekcja 4\lekcja 4\Debug\link-rc.read.1.tlog
D:\Programowanie obiektowe Arek P\lekcja 4\lekcja 4\Debug\link-rc.write.1.tlog
D:\Programowanie obiektowe Arek P\lekcja 4\lekcja 4\Debug\link.2804-cvtres.read.1.tlog
D:\Programowanie obiektowe Arek P\lekcja 4\lekcja 4\Debug\link.2804-cvtres.write.1.tlog
D:\Programowanie obiektowe Arek P\lekcja 4\lekcja 4\Debug\link.2804-rc.read.1.tlog
D:\Programowanie obiektowe Arek P\lekcja 4\lekcja 4\Debug\link.2804-rc.write.1.tlog
D:\Programowanie obiektowe Arek P\lekcja 4\lekcja 4\Debug\link.2804.read.1.tlog
D:\Programowanie obiektowe Arek P\lekcja 4\lekcja 4\Debug\link.2804.write.1.tlog
D:\Programowanie obiektowe Arek P\lekcja 4\lekcja 4\Debug\link.3340-cvtres.read.1.tlog
D:\Programowanie obiektowe Arek P\lekcja 4\lekcja 4\Debug\link.3340-cvtres.write.1.tlog
D:\Programowanie obiektowe Arek P\lekcja 4\lekcja 4\Debug\link.3340-rc.read.1.tlog
D:\Programowanie obiektowe Arek P\lekcja 4\lekcja 4\Debug\link.3340-rc.write.1.tlog
D:\Programowanie obiektowe Arek P\lekcja 4\lekcja 4\Debug\link.3340.read.1.tlog
D:\Programowanie obiektowe Arek P\lekcja 4\lekcja 4\Debug\link.3340.write.1.tlog
D:\Programowanie obiektowe Arek P\lekcja 4\lekcja 4\Debug\link.command.1.tlog
D:\Programowanie obiektowe Arek P\lekcja 4\lekcja 4\Debug\link.read.1.tlog
D:\Programowanie obiektowe Arek P\lekcja 4\lekcja 4\Debug\link.write.1.tlog
D:\Programowanie obiektowe Arek P\lekcja 4\lekcja 4\Debug\vc110.idb
D:\Programowanie obiektowe Arek P\lekcja 4\lekcja 4\Debug\vc110.pdb
D:\Programowanie obiektowe Arek P\lekcja 4\Debug\lekcja 4.pdb
D:\Programowanie obiektowe Arek P\lekcja 4\Debug\lekcja 4.exe
D:\Programowanie obiektowe Arek P\lekcja 4\Debug\lekcja 4.ilk
